{"timestamp": "2026-05-07T05:59:23.859110+00:00", "type": "wizard_step", "step": 0, "description": "[validate:start] CLI invoked: circuit-weaver validate", "user_input": {"log_dir": "."}}
{"timestamp": "2026-05-07T05:59:23.859232+00:00", "type": "wizard_step", "step": 0, "description": "[validate:load-spec] Loading design spec from lorawan-modem.yaml", "user_input": {"spec": "lorawan-modem.yaml", "strict": false}}
{"timestamp": "2026-05-07T05:59:23.883436+00:00", "type": "validation", "spec_file": "(components)", "passed": true, "scope": "raw_checks", "error_count": 0, "warning_count": 0, "errors": [], "warnings": []}
{"timestamp": "2026-05-07T05:59:23.884764+00:00", "type": "validation", "spec_file": "(components)", "passed": true, "scope": "raw_checks", "error_count": 0, "warning_count": 0, "errors": [], "warnings": []}
{"timestamp": "2026-05-07T05:59:23.886190+00:00", "type": "validation", "spec_file": "(components)", "passed": true, "scope": "raw_checks", "error_count": 0, "warning_count": 0, "errors": [], "warnings": []}
{"timestamp": "2026-05-07T05:59:23.887019+00:00", "type": "validation", "spec_file": "lorawan-modem.yaml", "passed": false, "scope": "final_report", "error_count": 1, "warning_count": 0, "errors": ["[implementation:missing-root-schematic] Artifact generation did not produce a root schematic"], "warnings": []}
{"timestamp": "2026-05-07T05:59:23.887207+00:00", "type": "wizard_step", "step": 0, "description": "[validate:end] CLI exited via SystemExit", "user_input": {}}
{"timestamp": "2026-05-07T06:00:08.051849+00:00", "type": "wizard_step", "step": 0, "description": "[validate:start] CLI invoked: circuit-weaver validate", "user_input": {"log_dir": "."}}
{"timestamp": "2026-05-07T06:00:08.051980+00:00", "type": "wizard_step", "step": 0, "description": "[validate:load-spec] Loading design spec from lorawan-modem.yaml", "user_input": {"spec": "lorawan-modem.yaml", "strict": false}}
{"timestamp": "2026-05-07T06:00:08.074494+00:00", "type": "validation", "spec_file": "(components)", "passed": true, "scope": "raw_checks", "error_count": 0, "warning_count": 0, "errors": [], "warnings": []}
{"timestamp": "2026-05-07T06:00:08.075767+00:00", "type": "validation", "spec_file": "(components)", "passed": true, "scope": "raw_checks", "error_count": 0, "warning_count": 0, "errors": [], "warnings": []}
{"timestamp": "2026-05-07T06:00:08.076899+00:00", "type": "validation", "spec_file": "(components)", "passed": true, "scope": "raw_checks", "error_count": 0, "warning_count": 0, "errors": [], "warnings": []}
{"timestamp": "2026-05-07T06:00:08.077737+00:00", "type": "validation", "spec_file": "lorawan-modem.yaml", "passed": false, "scope": "final_report", "error_count": 1, "warning_count": 0, "errors": ["[implementation:missing-root-schematic] Artifact generation did not produce a root schematic"], "warnings": []}
{"timestamp": "2026-05-07T06:00:08.077919+00:00", "type": "wizard_step", "step": 0, "description": "[validate:end] CLI exited via SystemExit", "user_input": {}}
{"timestamp": "2026-05-07T06:46:20.682379+00:00", "type": "wizard_step", "step": 0, "description": "[validate:start] CLI invoked: circuit-weaver validate", "user_input": {"log_dir": "."}}
{"timestamp": "2026-05-07T06:46:20.682515+00:00", "type": "wizard_step", "step": 0, "description": "[validate:load-spec] Loading design spec from lorawan-modem.yaml", "user_input": {"spec": "lorawan-modem.yaml", "strict": false}}
{"timestamp": "2026-05-07T06:46:20.722349+00:00", "type": "error", "operation": "circuit_weaver.dispatcher", "error": "CLI command 'validate' failed: Unknown interface direction 'bidir'. Expected one of: bidirectional, input, output, passive\nTraceback (most recent call last):\n  File \"/usr/local/lib/python3.12/dist-packages/circuit_weaver/dispatcher.py\", line 2573, in main\n    _cw_dispatch_result = _main_dispatch(args, _cw_log_workflow_step)\n                          ^^^^^^^^^^^^^^^^^^^^^^^^^^^^^^^^^^^^^^^^^^^\n  File \"/usr/local/lib/python3.12/dist-packages/circuit_weaver/dispatcher.py\", line 2608, in _main_dispa"}
{"timestamp": "2026-05-07T06:46:20.722598+00:00", "type": "wizard_step", "step": 0, "description": "[validate:error] Unhandled exception: Unknown interface direction 'bidir'. Expected one of: bidirectional, input, output, passive", "user_input": {}}
{"timestamp": "2026-05-07T06:46:53.477757+00:00", "type": "wizard_step", "step": 0, "description": "[validate:start] CLI invoked: circuit-weaver validate", "user_input": {"log_dir": "."}}
{"timestamp": "2026-05-07T06:46:53.477859+00:00", "type": "wizard_step", "step": 0, "description": "[validate:load-spec] Loading design spec from lorawan-modem.yaml", "user_input": {"spec": "lorawan-modem.yaml", "strict": false}}
{"timestamp": "2026-05-07T06:46:53.724517+00:00", "type": "warning", "operation": "circuit_weaver.symbol_resolver", "message": "Failed to resolve MPN 100uF/25V through any tier"}
{"timestamp": "2026-05-07T06:46:53.811225+00:00", "type": "warning", "operation": "circuit_weaver.symbol_resolver", "message": "Failed to resolve MPN 100nF through any tier"}
{"timestamp": "2026-05-07T06:46:53.814653+00:00", "type": "error", "operation": "circuit_weaver.dispatcher", "error": "CLI command 'validate' failed: '<=' not supported between instances of 'str' and 'int'\nTraceback (most recent call last):\n  File \"/usr/local/lib/python3.12/dist-packages/circuit_weaver/dispatcher.py\", line 2573, in main\n    _cw_dispatch_result = _main_dispatch(args, _cw_log_workflow_step)\n                          ^^^^^^^^^^^^^^^^^^^^^^^^^^^^^^^^^^^^^^^^^^^\n  File \"/usr/local/lib/python3.12/dist-packages/circuit_weaver/dispatcher.py\", line 2608, in _main_dispatch\n    report = _run_with_stderr_ca"}
{"timestamp": "2026-05-07T06:46:53.815017+00:00", "type": "wizard_step", "step": 0, "description": "[validate:error] Unhandled exception: '<=' not supported between instances of 'str' and 'int'", "user_input": {}}
{"timestamp": "2026-05-07T06:47:31.365685+00:00", "type": "wizard_step", "step": 0, "description": "[validate:start] CLI invoked: circuit-weaver validate", "user_input": {"log_dir": "."}}
{"timestamp": "2026-05-07T06:47:31.365788+00:00", "type": "wizard_step", "step": 0, "description": "[validate:load-spec] Loading design spec from lorawan-modem.yaml", "user_input": {"spec": "lorawan-modem.yaml", "strict": false}}
{"timestamp": "2026-05-07T06:47:31.508625+00:00", "type": "warning", "operation": "circuit_weaver.symbol_resolver", "message": "Failed to resolve MPN 100uF/25V through any tier"}
{"timestamp": "2026-05-07T06:47:31.603717+00:00", "type": "warning", "operation": "circuit_weaver.symbol_resolver", "message": "Failed to resolve MPN 100nF through any tier"}
{"timestamp": "2026-05-07T06:47:31.707779+00:00", "type": "warning", "operation": "circuit_weaver.symbol_resolver", "message": "Failed to resolve MPN 0.05 through any tier"}
{"timestamp": "2026-05-07T06:47:31.798239+00:00", "type": "warning", "operation": "circuit_weaver.symbol_resolver", "message": "Failed to resolve MPN 100k through any tier"}
{"timestamp": "2026-05-07T06:47:31.895312+00:00", "type": "warning", "operation": "circuit_weaver.symbol_resolver", "message": "Failed to resolve MPN 49.9k through any tier"}
{"timestamp": "2026-05-07T06:47:31.983037+00:00", "type": "warning", "operation": "circuit_weaver.symbol_resolver", "message": "Failed to resolve MPN 10k through any tier"}
{"timestamp": "2026-05-07T06:47:32.080531+00:00", "type": "warning", "operation": "circuit_weaver.symbol_resolver", "message": "Failed to resolve MPN 10nF through any tier"}
{"timestamp": "2026-05-07T06:47:32.183967+00:00", "type": "warning", "operation": "circuit_weaver.symbol_resolver", "message": "Failed to resolve MPN 1uF through any tier"}
{"timestamp": "2026-05-07T06:47:32.278238+00:00", "type": "warning", "operation": "circuit_weaver.symbol_resolver", "message": "Failed to resolve MPN 10uF through any tier"}
{"timestamp": "2026-05-07T06:47:32.382667+00:00", "type": "warning", "operation": "circuit_weaver.symbol_resolver", "message": "Failed to resolve MPN 10uH/3A through any tier"}
{"timestamp": "2026-05-07T06:47:32.483193+00:00", "type": "warning", "operation": "circuit_weaver.symbol_resolver", "message": "Failed to resolve MPN 2.2uH through any tier"}
{"timestamp": "2026-05-07T06:47:32.576570+00:00", "type": "warning", "operation": "circuit_weaver.symbol_resolver", "message": "Failed to resolve MPN 22uF through any tier"}
{"timestamp": "2026-05-07T06:47:32.660307+00:00", "type": "warning", "operation": "circuit_weaver.symbol_resolver", "message": "Failed to resolve MPN 1M through any tier"}
{"timestamp": "2026-05-07T06:47:32.750253+00:00", "type": "warning", "operation": "circuit_weaver.symbol_resolver", "message": "Failed to resolve MPN 332k through any tier"}
{"timestamp": "2026-05-07T06:47:32.850787+00:00", "type": "warning", "operation": "circuit_weaver.symbol_resolver", "message": "Failed to resolve MPN STM32WL55JCI6 through any tier"}
{"timestamp": "2026-05-07T06:47:32.935130+00:00", "type": "warning", "operation": "circuit_weaver.symbol_resolver", "message": "Failed to resolve MPN 1pF through any tier"}
{"timestamp": "2026-05-07T06:47:33.018629+00:00", "type": "warning", "operation": "circuit_weaver.symbol_resolver", "message": "Failed to resolve MPN 3.9nH through any tier"}
{"timestamp": "2026-05-07T06:47:33.104667+00:00", "type": "warning", "operation": "circuit_weaver.symbol_resolver", "message": "Failed to resolve MPN 1.5pF through any tier"}
{"timestamp": "2026-05-07T06:47:33.206281+00:00", "type": "warning", "operation": "circuit_weaver.symbol_resolver", "message": "Failed to resolve MPN 10pF through any tier"}
{"timestamp": "2026-05-07T06:47:33.306087+00:00", "type": "warning", "operation": "circuit_weaver.symbol_resolver", "message": "Failed to resolve MPN 6pF through any tier"}
{"timestamp": "2026-05-07T06:47:33.392235+00:00", "type": "warning", "operation": "circuit_weaver.symbol_resolver", "message": "Failed to resolve MPN ADM2587EBRWZ through any tier"}
{"timestamp": "2026-05-07T06:47:33.479113+00:00", "type": "warning", "operation": "circuit_weaver.symbol_resolver", "message": "Failed to resolve MPN SM712 through any tier"}
{"timestamp": "2026-05-07T06:47:33.580217+00:00", "type": "warning", "operation": "circuit_weaver.symbol_resolver", "message": "Failed to resolve MPN 120 through any tier"}
{"timestamp": "2026-05-07T06:47:33.682431+00:00", "type": "warning", "operation": "circuit_weaver.symbol_resolver", "message": "Failed to resolve MPN 560 through any tier"}
{"timestamp": "2026-05-07T06:47:33.768947+00:00", "type": "warning", "operation": "circuit_weaver.symbol_resolver", "message": "Failed to resolve MPN W25Q64JVSSIQ through any tier"}
{"timestamp": "2026-05-07T06:47:33.853130+00:00", "type": "warning", "operation": "circuit_weaver.symbol_resolver", "message": "Failed to resolve MPN Green_LED through any tier"}
{"timestamp": "2026-05-07T06:47:33.936213+00:00", "type": "warning", "operation": "circuit_weaver.symbol_resolver", "message": "Failed to resolve MPN Blue_LED through any tier"}
{"timestamp": "2026-05-07T06:47:34.039208+00:00", "type": "warning", "operation": "circuit_weaver.symbol_resolver", "message": "Failed to resolve MPN Yellow_LED through any tier"}
{"timestamp": "2026-05-07T06:47:34.133117+00:00", "type": "warning", "operation": "circuit_weaver.symbol_resolver", "message": "Failed to resolve MPN Red_LED through any tier"}
{"timestamp": "2026-05-07T06:47:34.218542+00:00", "type": "warning", "operation": "circuit_weaver.symbol_resolver", "message": "Failed to resolve MPN 1k through any tier"}
{"timestamp": "2026-05-07T06:47:34.230323+00:00", "type": "validation", "spec_file": "(components)", "passed": true, "scope": "raw_checks", "error_count": 0, "warning_count": 0, "errors": [], "warnings": []}
{"timestamp": "2026-05-07T06:47:34.232472+00:00", "type": "validation", "spec_file": "lorawan-modem.yaml", "passed": false, "scope": "final_report", "error_count": 115, "warning_count": 0, "errors": ["[structural:unresolved-component] UNRESOLVED: Template validation failed: Unknown connector subtype 'jst_ph_2pin'. Available: usb-a", "[structural:unresolved-component] UNRESOLVED: Template validation failed: Unknown diode IC 'SMBJ18A-E3/52'. Available: 1N4148W", "[structural:unresolved-component] UNRESOLVED: Template validation failed: Unknown diode IC 'SS34-E3/52'. Available: 1N4148W", "[structural:unresolved-component] UNRESOLVED: '100uF/25V' unresolved through all 7 tiers (registry/ic_data/kicad/cache/easyeda/digikey/mouser)", "[structural:unresolved-component] UNRESOLVED: '100nF' unresolved through all 7 tiers (registry/ic_data/kicad/cache/easyeda/digikey/mouser)"], "warnings": []}
{"timestamp": "2026-05-07T06:47:34.233271+00:00", "type": "wizard_step", "step": 0, "description": "[validate:end] CLI exited via SystemExit", "user_input": {}}
{"timestamp": "2026-05-07T06:52:52.488510+00:00", "type": "wizard_step", "step": 0, "description": "[validate:start] CLI invoked: circuit-weaver validate", "user_input": {"log_dir": "."}}
{"timestamp": "2026-05-07T06:52:52.488615+00:00", "type": "wizard_step", "step": 0, "description": "[validate:load-spec] Loading design spec from lorawan-modem.yaml", "user_input": {"spec": "lorawan-modem.yaml", "strict": false}}
{"timestamp": "2026-05-07T06:52:52.757937+00:00", "type": "warning", "operation": "circuit_weaver.symbol_resolver", "message": "Failed to resolve MPN JST_PH_B2B-PH-K through any tier"}
{"timestamp": "2026-05-07T06:52:52.843979+00:00", "type": "warning", "operation": "circuit_weaver.symbol_resolver", "message": "Failed to resolve MPN SMBJ18A through any tier"}
{"timestamp": "2026-05-07T06:52:52.948378+00:00", "type": "warning", "operation": "circuit_weaver.symbol_resolver", "message": "Failed to resolve MPN SS34 through any tier"}
{"timestamp": "2026-05-07T06:52:53.035303+00:00", "type": "warning", "operation": "circuit_weaver.symbol_resolver", "message": "Failed to resolve MPN GRM32ER71E107KA12L through any tier"}
{"timestamp": "2026-05-07T06:52:53.131752+00:00", "type": "warning", "operation": "circuit_weaver.symbol_resolver", "message": "Failed to resolve MPN GRM188R71H104KA93D through any tier"}
{"timestamp": "2026-05-07T06:52:53.233643+00:00", "type": "warning", "operation": "circuit_weaver.symbol_resolver", "message": "Failed to resolve MPN BQ24650RGER through any tier"}
{"timestamp": "2026-05-07T06:52:53.329363+00:00", "type": "warning", "operation": "circuit_weaver.symbol_resolver", "message": "Failed to resolve MPN RL2512FK-070R05L through any tier"}
{"timestamp": "2026-05-07T06:52:53.422341+00:00", "type": "warning", "operation": "circuit_weaver.symbol_resolver", "message": "Failed to resolve MPN RC0603FR-07100KL through any tier"}
{"timestamp": "2026-05-07T06:52:53.505956+00:00", "type": "warning", "operation": "circuit_weaver.symbol_resolver", "message": "Failed to resolve MPN RC0603FR-0749K9L through any tier"}
{"timestamp": "2026-05-07T06:52:53.602464+00:00", "type": "warning", "operation": "circuit_weaver.symbol_resolver", "message": "Failed to resolve MPN RC0603FR-0710KL through any tier"}
{"timestamp": "2026-05-07T06:52:53.704007+00:00", "type": "warning", "operation": "circuit_weaver.symbol_resolver", "message": "Failed to resolve MPN GRM188R71H103KA01D through any tier"}
{"timestamp": "2026-05-07T06:52:53.810854+00:00", "type": "warning", "operation": "circuit_weaver.symbol_resolver", "message": "Failed to resolve MPN GRM188R71H105KA12D through any tier"}
{"timestamp": "2026-05-07T06:52:53.900890+00:00", "type": "warning", "operation": "circuit_weaver.symbol_resolver", "message": "Failed to resolve MPN GRM21BR71A106KA73L through any tier"}
{"timestamp": "2026-05-07T06:52:54.002373+00:00", "type": "warning", "operation": "circuit_weaver.symbol_resolver", "message": "Failed to resolve MPN SRP7028A-100M through any tier"}
{"timestamp": "2026-05-07T06:52:54.089158+00:00", "type": "warning", "operation": "circuit_weaver.symbol_resolver", "message": "Failed to resolve MPN TPS62840DLAR through any tier"}
{"timestamp": "2026-05-07T06:52:54.189486+00:00", "type": "warning", "operation": "circuit_weaver.symbol_resolver", "message": "Failed to resolve MPN LQM21PN2R2MC0D through any tier"}
{"timestamp": "2026-05-07T06:52:54.282173+00:00", "type": "warning", "operation": "circuit_weaver.symbol_resolver", "message": "Failed to resolve MPN GRM21BR71A226ME44L through any tier"}
{"timestamp": "2026-05-07T06:52:54.371141+00:00", "type": "warning", "operation": "circuit_weaver.symbol_resolver", "message": "Failed to resolve MPN RC0603FR-071ML through any tier"}
{"timestamp": "2026-05-07T06:52:54.469758+00:00", "type": "warning", "operation": "circuit_weaver.symbol_resolver", "message": "Failed to resolve MPN RC0603FR-07332KL through any tier"}
{"timestamp": "2026-05-07T06:52:54.568909+00:00", "type": "warning", "operation": "circuit_weaver.symbol_resolver", "message": "Failed to resolve MPN TPS7A0233PDBVR through any tier"}
{"timestamp": "2026-05-07T06:52:54.655546+00:00", "type": "warning", "operation": "circuit_weaver.symbol_resolver", "message": "Failed to resolve MPN STM32WL55JCI6 through any tier"}
{"timestamp": "2026-05-07T06:52:54.741615+00:00", "type": "warning", "operation": "circuit_weaver.symbol_resolver", "message": "Failed to resolve MPN GRM1555C1H1R0BA01D through any tier"}
{"timestamp": "2026-05-07T06:52:54.828198+00:00", "type": "warning", "operation": "circuit_weaver.symbol_resolver", "message": "Failed to resolve MPN LQP03TN3N9B02D through any tier"}
{"timestamp": "2026-05-07T06:52:54.931636+00:00", "type": "warning", "operation": "circuit_weaver.symbol_resolver", "message": "Failed to resolve MPN GRM1555C1H1R5BA01D through any tier"}
{"timestamp": "2026-05-07T06:52:55.033652+00:00", "type": "warning", "operation": "circuit_weaver.symbol_resolver", "message": "Failed to resolve MPN SMA_Edge_50Ohm through any tier"}
{"timestamp": "2026-05-07T06:52:55.129551+00:00", "type": "warning", "operation": "circuit_weaver.symbol_resolver", "message": "Failed to resolve MPN ABM8-32.000MHZ-B2-T through any tier"}
{"timestamp": "2026-05-07T06:52:55.230119+00:00", "type": "warning", "operation": "circuit_weaver.symbol_resolver", "message": "Failed to resolve MPN GRM1555C1H100JA01D through any tier"}
{"timestamp": "2026-05-07T06:52:55.315793+00:00", "type": "warning", "operation": "circuit_weaver.symbol_resolver", "message": "Failed to resolve MPN ABS07-32.768KHZ-T through any tier"}
{"timestamp": "2026-05-07T06:52:55.409693+00:00", "type": "warning", "operation": "circuit_weaver.symbol_resolver", "message": "Failed to resolve MPN GRM1555C1H6R0DA01D through any tier"}
{"timestamp": "2026-05-07T06:52:55.494003+00:00", "type": "warning", "operation": "circuit_weaver.symbol_resolver", "message": "Failed to resolve MPN ADM2587EBRWZ through any tier"}
{"timestamp": "2026-05-07T06:52:55.578047+00:00", "type": "warning", "operation": "circuit_weaver.symbol_resolver", "message": "Failed to resolve MPN SM712-02HTG through any tier"}
{"timestamp": "2026-05-07T06:52:55.666151+00:00", "type": "warning", "operation": "circuit_weaver.symbol_resolver", "message": "Failed to resolve MPN RC0603FR-07120RL through any tier"}
{"timestamp": "2026-05-07T06:52:55.755033+00:00", "type": "warning", "operation": "circuit_weaver.symbol_resolver", "message": "Failed to resolve MPN RC0603FR-07560RL through any tier"}
{"timestamp": "2026-05-07T06:52:55.840176+00:00", "type": "warning", "operation": "circuit_weaver.symbol_resolver", "message": "Failed to resolve MPN ScrewTerminal_3pin_3.5mm through any tier"}
{"timestamp": "2026-05-07T06:52:55.924177+00:00", "type": "warning", "operation": "circuit_weaver.symbol_resolver", "message": "Failed to resolve MPN W25Q64JVSSIQ through any tier"}
{"timestamp": "2026-05-07T06:52:56.032241+00:00", "type": "warning", "operation": "circuit_weaver.symbol_resolver", "message": "Failed to resolve MPN LTST-C191KGKT through any tier"}
{"timestamp": "2026-05-07T06:52:56.118218+00:00", "type": "warning", "operation": "circuit_weaver.symbol_resolver", "message": "Failed to resolve MPN LTST-C191KBKT through any tier"}
{"timestamp": "2026-05-07T06:52:56.212201+00:00", "type": "warning", "operation": "circuit_weaver.symbol_resolver", "message": "Failed to resolve MPN LTST-C191KSKT through any tier"}
{"timestamp": "2026-05-07T06:52:56.313851+00:00", "type": "warning", "operation": "circuit_weaver.symbol_resolver", "message": "Failed to resolve MPN LTST-C191KRKT through any tier"}
{"timestamp": "2026-05-07T06:52:56.399753+00:00", "type": "warning", "operation": "circuit_weaver.symbol_resolver", "message": "Failed to resolve MPN RC0603FR-071KL through any tier"}
{"timestamp": "2026-05-07T06:52:56.501132+00:00", "type": "warning", "operation": "circuit_weaver.symbol_resolver", "message": "Failed to resolve MPN PinHeader_5pin_1.27mm through any tier"}
{"timestamp": "2026-05-07T06:52:56.598134+00:00", "type": "warning", "operation": "circuit_weaver.symbol_resolver", "message": "Failed to resolve MPN PinHeader_4pin_1.27mm through any tier"}
{"timestamp": "2026-05-07T06:52:56.698665+00:00", "type": "warning", "operation": "circuit_weaver.symbol_resolver", "message": "Failed to resolve MPN TestPoint_1mm through any tier"}
{"timestamp": "2026-05-07T06:52:56.710647+00:00", "type": "validation", "spec_file": "(components)", "passed": true, "scope": "raw_checks", "error_count": 0, "warning_count": 0, "errors": [], "warnings": []}
{"timestamp": "2026-05-07T06:52:56.712119+00:00", "type": "validation", "spec_file": "lorawan-modem.yaml", "passed": false, "scope": "final_report", "error_count": 169, "warning_count": 6, "errors": ["[structural:unresolved-component] UNRESOLVED: 'JST_PH_B2B-PH-K' unresolved through all 7 tiers (registry/ic_data/kicad/cache/easyeda/digikey/mouser)", "[structural:unresolved-component] UNRESOLVED: 'SMBJ18A' unresolved through all 7 tiers (registry/ic_data/kicad/cache/easyeda/digikey/mouser)", "[structural:unresolved-component] UNRESOLVED: 'SS34' unresolved through all 7 tiers (registry/ic_data/kicad/cache/easyeda/digikey/mouser)", "[structural:unresolved-component] UNRESOLVED: 'GRM32ER71E107KA12L' unresolved through all 7 tiers (registry/ic_data/kicad/cache/easyeda/digikey/mouser)", "[structural:unresolved-component] UNRESOLVED: 'GRM188R71H104KA93D' unresolved through all 7 tiers (registry/ic_data/kicad/cache/easyeda/digikey/mouser)"], "warnings": ["[electrical:floating-input-pin] Pin 1 (CTG) is unconnected — may need a pull-up/down, driver, or explicit no-connect", "[electrical:floating-input-pin] Pin 2 (CELL) is unconnected — may need a pull-up/down, driver, or explicit no-connect", "[electrical:floating-input-pin] Pin 6 (QSTRT) is unconnected — may need a pull-up/down, driver, or explicit no-connect", "[electrical:floating-input-pin] Pin 7 (SDA) is unconnected — may need a pull-up/down, driver, or explicit no-connect", "[electrical:floating-input-pin] Pin 8 (SCL) is unconnected — may need a pull-up/down, driver, or explicit no-connect"]}
{"timestamp": "2026-05-07T06:52:56.713069+00:00", "type": "wizard_step", "step": 0, "description": "[validate:end] CLI exited via SystemExit", "user_input": {}}
