{"timestamp": "2026-05-07T05:59:37.362087+00:00", "type": "wizard_step", "step": 0, "description": "[generate:start] CLI invoked: circuit-weaver generate", "user_input": {"log_dir": "kicad-output"}}
{"timestamp": "2026-05-07T05:59:37.362192+00:00", "type": "wizard_step", "step": 0, "description": "[generate:load-spec] Loading design spec from lorawan-modem.yaml", "user_input": {"spec": "lorawan-modem.yaml", "output_dir": "./kicad-output"}}
{"timestamp": "2026-05-07T05:59:37.377839+00:00", "type": "validation", "spec_file": "(components)", "passed": true, "scope": "raw_checks", "error_count": 0, "warning_count": 0, "errors": [], "warnings": []}
{"timestamp": "2026-05-07T05:59:37.378731+00:00", "type": "validation", "spec_file": "(components)", "passed": true, "scope": "raw_checks", "error_count": 0, "warning_count": 0, "errors": [], "warnings": []}
{"timestamp": "2026-05-07T05:59:37.379713+00:00", "type": "error", "operation": "circuit_weaver.dispatcher", "error": "Design has 1 hard validation error(s) in structural/implementation categories — blocking generation: {'structural': 0, 'electrical': 0, 'implementation': 1, 'presentation': 0, 'placement_readiness': 0}"}
{"timestamp": "2026-05-07T05:59:37.380715+00:00", "type": "error", "operation": "circuit_weaver.dispatcher", "error": "Artifact generation failed for output directory kicad-output\nTraceback (most recent call last):\n  File \"/usr/local/lib/python3.12/dist-packages/circuit_weaver/dispatcher.py\", line 1711, in generate_artifacts\n    raise ValueError(\nValueError: Design has 1 structural/implementation error(s) — fix these before generation (these are not bypassable via --no-require-valid)"}
{"timestamp": "2026-05-07T05:59:37.381138+00:00", "type": "wizard_step", "step": 0, "description": "[generate:end] CLI exited via SystemExit", "user_input": {}}
{"timestamp": "2026-05-07T06:54:28.922778+00:00", "type": "wizard_step", "step": 0, "description": "[generate:start] CLI invoked: circuit-weaver generate", "user_input": {"log_dir": "kicad-output"}}
{"timestamp": "2026-05-07T06:54:28.922876+00:00", "type": "wizard_step", "step": 0, "description": "[generate:load-spec] Loading design spec from lorawan-modem.yaml", "user_input": {"spec": "lorawan-modem.yaml", "output_dir": "./kicad-output"}}
{"timestamp": "2026-05-07T06:54:29.077525+00:00", "type": "warning", "operation": "circuit_weaver.symbol_resolver", "message": "Failed to resolve MPN JST_PH_B2B-PH-K through any tier"}
{"timestamp": "2026-05-07T06:54:29.172714+00:00", "type": "warning", "operation": "circuit_weaver.symbol_resolver", "message": "Failed to resolve MPN SMBJ18A through any tier"}
{"timestamp": "2026-05-07T06:54:29.276727+00:00", "type": "warning", "operation": "circuit_weaver.symbol_resolver", "message": "Failed to resolve MPN SS34 through any tier"}
{"timestamp": "2026-05-07T06:54:29.374655+00:00", "type": "warning", "operation": "circuit_weaver.symbol_resolver", "message": "Failed to resolve MPN GRM32ER71E107KA12L through any tier"}
{"timestamp": "2026-05-07T06:54:29.466156+00:00", "type": "warning", "operation": "circuit_weaver.symbol_resolver", "message": "Failed to resolve MPN GRM188R71H104KA93D through any tier"}
{"timestamp": "2026-05-07T06:54:29.561346+00:00", "type": "warning", "operation": "circuit_weaver.symbol_resolver", "message": "Failed to resolve MPN BQ24650RGER through any tier"}
{"timestamp": "2026-05-07T06:54:29.658641+00:00", "type": "warning", "operation": "circuit_weaver.symbol_resolver", "message": "Failed to resolve MPN RL2512FK-070R05L through any tier"}
{"timestamp": "2026-05-07T06:54:29.753095+00:00", "type": "warning", "operation": "circuit_weaver.symbol_resolver", "message": "Failed to resolve MPN RC0603FR-07100KL through any tier"}
{"timestamp": "2026-05-07T06:54:29.859934+00:00", "type": "warning", "operation": "circuit_weaver.symbol_resolver", "message": "Failed to resolve MPN RC0603FR-0749K9L through any tier"}
{"timestamp": "2026-05-07T06:54:29.947177+00:00", "type": "warning", "operation": "circuit_weaver.symbol_resolver", "message": "Failed to resolve MPN RC0603FR-0710KL through any tier"}
{"timestamp": "2026-05-07T06:54:30.032147+00:00", "type": "warning", "operation": "circuit_weaver.symbol_resolver", "message": "Failed to resolve MPN GRM188R71H103KA01D through any tier"}
{"timestamp": "2026-05-07T06:54:30.135797+00:00", "type": "warning", "operation": "circuit_weaver.symbol_resolver", "message": "Failed to resolve MPN GRM188R71H105KA12D through any tier"}
{"timestamp": "2026-05-07T06:54:30.230681+00:00", "type": "warning", "operation": "circuit_weaver.symbol_resolver", "message": "Failed to resolve MPN GRM21BR71A106KA73L through any tier"}
{"timestamp": "2026-05-07T06:54:30.333477+00:00", "type": "warning", "operation": "circuit_weaver.symbol_resolver", "message": "Failed to resolve MPN SRP7028A-100M through any tier"}
{"timestamp": "2026-05-07T06:54:30.440614+00:00", "type": "warning", "operation": "circuit_weaver.symbol_resolver", "message": "Failed to resolve MPN TPS62840DLAR through any tier"}
{"timestamp": "2026-05-07T06:54:30.544520+00:00", "type": "warning", "operation": "circuit_weaver.symbol_resolver", "message": "Failed to resolve MPN LQM21PN2R2MC0D through any tier"}
{"timestamp": "2026-05-07T06:54:30.640014+00:00", "type": "warning", "operation": "circuit_weaver.symbol_resolver", "message": "Failed to resolve MPN GRM21BR71A226ME44L through any tier"}
{"timestamp": "2026-05-07T06:54:30.732798+00:00", "type": "warning", "operation": "circuit_weaver.symbol_resolver", "message": "Failed to resolve MPN RC0603FR-071ML through any tier"}
{"timestamp": "2026-05-07T06:54:30.818987+00:00", "type": "warning", "operation": "circuit_weaver.symbol_resolver", "message": "Failed to resolve MPN RC0603FR-07332KL through any tier"}
{"timestamp": "2026-05-07T06:54:30.904552+00:00", "type": "warning", "operation": "circuit_weaver.symbol_resolver", "message": "Failed to resolve MPN TPS7A0233PDBVR through any tier"}
{"timestamp": "2026-05-07T06:54:30.989759+00:00", "type": "warning", "operation": "circuit_weaver.symbol_resolver", "message": "Failed to resolve MPN STM32WL55JCI6 through any tier"}
{"timestamp": "2026-05-07T06:54:31.097845+00:00", "type": "warning", "operation": "circuit_weaver.symbol_resolver", "message": "Failed to resolve MPN GRM1555C1H1R0BA01D through any tier"}
{"timestamp": "2026-05-07T06:54:31.186571+00:00", "type": "warning", "operation": "circuit_weaver.symbol_resolver", "message": "Failed to resolve MPN LQP03TN3N9B02D through any tier"}
{"timestamp": "2026-05-07T06:54:31.282053+00:00", "type": "warning", "operation": "circuit_weaver.symbol_resolver", "message": "Failed to resolve MPN GRM1555C1H1R5BA01D through any tier"}
{"timestamp": "2026-05-07T06:54:31.372616+00:00", "type": "warning", "operation": "circuit_weaver.symbol_resolver", "message": "Failed to resolve MPN SMA_Edge_50Ohm through any tier"}
{"timestamp": "2026-05-07T06:54:31.459542+00:00", "type": "warning", "operation": "circuit_weaver.symbol_resolver", "message": "Failed to resolve MPN ABM8-32.000MHZ-B2-T through any tier"}
{"timestamp": "2026-05-07T06:54:31.561276+00:00", "type": "warning", "operation": "circuit_weaver.symbol_resolver", "message": "Failed to resolve MPN GRM1555C1H100JA01D through any tier"}
{"timestamp": "2026-05-07T06:54:31.656471+00:00", "type": "warning", "operation": "circuit_weaver.symbol_resolver", "message": "Failed to resolve MPN ABS07-32.768KHZ-T through any tier"}
{"timestamp": "2026-05-07T06:54:31.741549+00:00", "type": "warning", "operation": "circuit_weaver.symbol_resolver", "message": "Failed to resolve MPN GRM1555C1H6R0DA01D through any tier"}
{"timestamp": "2026-05-07T06:54:31.832610+00:00", "type": "warning", "operation": "circuit_weaver.symbol_resolver", "message": "Failed to resolve MPN ADM2587EBRWZ through any tier"}
{"timestamp": "2026-05-07T06:54:31.923331+00:00", "type": "warning", "operation": "circuit_weaver.symbol_resolver", "message": "Failed to resolve MPN SM712-02HTG through any tier"}
{"timestamp": "2026-05-07T06:54:32.007270+00:00", "type": "warning", "operation": "circuit_weaver.symbol_resolver", "message": "Failed to resolve MPN RC0603FR-07120RL through any tier"}
{"timestamp": "2026-05-07T06:54:32.092169+00:00", "type": "warning", "operation": "circuit_weaver.symbol_resolver", "message": "Failed to resolve MPN RC0603FR-07560RL through any tier"}
{"timestamp": "2026-05-07T06:54:32.177365+00:00", "type": "warning", "operation": "circuit_weaver.symbol_resolver", "message": "Failed to resolve MPN ScrewTerminal_3pin_3.5mm through any tier"}
{"timestamp": "2026-05-07T06:54:32.280171+00:00", "type": "warning", "operation": "circuit_weaver.symbol_resolver", "message": "Failed to resolve MPN W25Q64JVSSIQ through any tier"}
{"timestamp": "2026-05-07T06:54:32.364560+00:00", "type": "warning", "operation": "circuit_weaver.symbol_resolver", "message": "Failed to resolve MPN LTST-C191KGKT through any tier"}
{"timestamp": "2026-05-07T06:54:32.465638+00:00", "type": "warning", "operation": "circuit_weaver.symbol_resolver", "message": "Failed to resolve MPN LTST-C191KBKT through any tier"}
{"timestamp": "2026-05-07T06:54:32.550501+00:00", "type": "warning", "operation": "circuit_weaver.symbol_resolver", "message": "Failed to resolve MPN LTST-C191KSKT through any tier"}
{"timestamp": "2026-05-07T06:54:32.654174+00:00", "type": "warning", "operation": "circuit_weaver.symbol_resolver", "message": "Failed to resolve MPN LTST-C191KRKT through any tier"}
{"timestamp": "2026-05-07T06:54:32.740050+00:00", "type": "warning", "operation": "circuit_weaver.symbol_resolver", "message": "Failed to resolve MPN RC0603FR-071KL through any tier"}
{"timestamp": "2026-05-07T06:54:32.824463+00:00", "type": "warning", "operation": "circuit_weaver.symbol_resolver", "message": "Failed to resolve MPN PinHeader_5pin_1.27mm through any tier"}
{"timestamp": "2026-05-07T06:54:32.921490+00:00", "type": "warning", "operation": "circuit_weaver.symbol_resolver", "message": "Failed to resolve MPN PinHeader_4pin_1.27mm through any tier"}
{"timestamp": "2026-05-07T06:54:33.027873+00:00", "type": "warning", "operation": "circuit_weaver.symbol_resolver", "message": "Failed to resolve MPN TestPoint_1mm through any tier"}
{"timestamp": "2026-05-07T06:54:33.040676+00:00", "type": "validation", "spec_file": "(components)", "passed": true, "scope": "raw_checks", "error_count": 0, "warning_count": 0, "errors": [], "warnings": []}
{"timestamp": "2026-05-07T06:54:33.042266+00:00", "type": "error", "operation": "circuit_weaver.dispatcher", "error": "Design has 71 hard validation error(s) in structural/implementation categories — blocking generation: {'structural': 71, 'electrical': 5, 'implementation': 1, 'presentation': 0, 'placement_readiness': 98}"}
{"timestamp": "2026-05-07T06:54:33.043066+00:00", "type": "error", "operation": "circuit_weaver.dispatcher", "error": "Artifact generation failed for output directory kicad-output\nTraceback (most recent call last):\n  File \"/usr/local/lib/python3.12/dist-packages/circuit_weaver/dispatcher.py\", line 1711, in generate_artifacts\n    raise ValueError(\nValueError: Design has 71 structural/implementation error(s) — fix these before generation (these are not bypassable via --no-require-valid)"}
{"timestamp": "2026-05-07T06:54:33.043377+00:00", "type": "wizard_step", "step": 0, "description": "[generate:end] CLI exited via SystemExit", "user_input": {}}
