[2026-05-12 10:47:00] Starting restore point creation: 2026-05-12_10-47-00
[2026-05-12 10:47:00] Collecting system status...
[2026-05-12 10:47:03] Listing skills...
[2026-05-12 10:47:03] Copying tools documentation...
[2026-05-12 10:47:03] Extracting accesses from MEMORY.md...
[2026-05-12 10:47:03] Collecting resource usage...
[2026-05-12 10:47:03] Creating summary...
[2026-05-12 10:47:04] Appending note to MEMORY.md...
[2026-05-12 10:47:04] Uploading to Google Drive...
<3>ERROR : MEMORY.md: Failed to copy: failed to make directory: googleapi: Error 403: Request had insufficient authentication scopes.
Details:
[
  {
    "@type": "type.googleapis.com/google.rpc.ErrorInfo",
    "domain": "googleapis.com",
    "metadata": {
      "method": "google.apps.drive.v3.DriveFiles.Create",
      "service": "drive.googleapis.com"
    },
    "reason": "ACCESS_TOKEN_SCOPE_INSUFFICIENT"
  }
]

More details:
Reason: insufficientPermissions, Message: Insufficient Permission
<3>ERROR : SUMMARY.md: Failed to copy: failed to make directory: googleapi: Error 403: Request had insufficient authentication scopes.
Details:
[
  {
    "@type": "type.googleapis.com/google.rpc.ErrorInfo",
    "domain": "googleapis.com",
    "metadata": {
      "method": "google.apps.drive.v3.DriveFiles.Create",
      "service": "drive.googleapis.com"
    },
    "reason": "ACCESS_TOKEN_SCOPE_INSUFFICIENT"
  }
]

More details:
Reason: insufficientPermissions, Message: Insufficient Permission
<3>ERROR : TOOLS.md: Failed to copy: failed to make directory: googleapi: Error 403: Request had insufficient authentication scopes.
Details:
[
  {
    "@type": "type.googleapis.com/google.rpc.ErrorInfo",
    "domain": "googleapis.com",
    "metadata": {
      "method": "google.apps.drive.v3.DriveFiles.Create",
      "service": "drive.googleapis.com"
    },
    "reason": "ACCESS_TOKEN_SCOPE_INSUFFICIENT"
  }
]

More details:
Reason: insufficientPermissions, Message: Insufficient Permission
<3>ERROR : accesses.txt: Failed to copy: failed to make directory: googleapi: Error 403: Request had insufficient authentication scopes.
Details:
[
  {
    "@type": "type.googleapis.com/google.rpc.ErrorInfo",
    "domain": "googleapis.com",
    "metadata": {
      "method": "google.apps.drive.v3.DriveFiles.Create",
      "service": "drive.googleapis.com"
    },
    "reason": "ACCESS_TOKEN_SCOPE_INSUFFICIENT"
  }
]

More details:
Reason: insufficientPermissions, Message: Insufficient Permission
<3>ERROR : resources.txt: Failed to copy: failed to make directory: googleapi: Error 403: Request had insufficient authentication scopes.
Details:
[
  {
    "@type": "type.googleapis.com/google.rpc.ErrorInfo",
    "domain": "googleapis.com",
    "metadata": {
      "method": "google.apps.drive.v3.DriveFiles.Create",
      "service": "drive.googleapis.com"
    },
    "reason": "ACCESS_TOKEN_SCOPE_INSUFFICIENT"
  }
]

More details:
Reason: insufficientPermissions, Message: Insufficient Permission
<3>ERROR : system_status.txt: Failed to copy: failed to make directory: googleapi: Error 403: Request had insufficient authentication scopes.
Details:
[
  {
    "@type": "type.googleapis.com/google.rpc.ErrorInfo",
    "domain": "googleapis.com",
    "metadata": {
      "method": "google.apps.drive.v3.DriveFiles.Create",
      "service": "drive.googleapis.com"
    },
    "reason": "ACCESS_TOKEN_SCOPE_INSUFFICIENT"
  }
]

More details:
Reason: insufficientPermissions, Message: Insufficient Permission
<3>ERROR : skills.txt: Failed to copy: failed to make directory: googleapi: Error 403: Request had insufficient authentication scopes.
Details:
[
  {
    "@type": "type.googleapis.com/google.rpc.ErrorInfo",
    "domain": "googleapis.com",
    "metadata": {
      "method": "google.apps.drive.v3.DriveFiles.Create",
      "service": "drive.googleapis.com"
    },
    "reason": "ACCESS_TOKEN_SCOPE_INSUFFICIENT"
  }
]

More details:
Reason: insufficientPermissions, Message: Insufficient Permission
<3>ERROR : Attempt 1/3 failed with 7 errors and: failed to make directory: googleapi: Error 403: Request had insufficient authentication scopes.
Details:
[
  {
    "@type": "type.googleapis.com/google.rpc.ErrorInfo",
    "domain": "googleapis.com",
    "metadata": {
      "method": "google.apps.drive.v3.DriveFiles.Create",
      "service": "drive.googleapis.com"
    },
    "reason": "ACCESS_TOKEN_SCOPE_INSUFFICIENT"
  }
]

More details:
Reason: insufficientPermissions, Message: Insufficient Permission
<3>ERROR : MEMORY.md: Failed to copy: failed to make directory: googleapi: Error 403: Request had insufficient authentication scopes.
Details:
[
  {
    "@type": "type.googleapis.com/google.rpc.ErrorInfo",
    "domain": "googleapis.com",
    "metadata": {
      "method": "google.apps.drive.v3.DriveFiles.Create",
      "service": "drive.googleapis.com"
    },
    "reason": "ACCESS_TOKEN_SCOPE_INSUFFICIENT"
  }
]

More details:
Reason: insufficientPermissions, Message: Insufficient Permission
<3>ERROR : SUMMARY.md: Failed to copy: failed to make directory: googleapi: Error 403: Request had insufficient authentication scopes.
Details:
[
  {
    "@type": "type.googleapis.com/google.rpc.ErrorInfo",
    "domain": "googleapis.com",
    "metadata": {
      "method": "google.apps.drive.v3.DriveFiles.Create",
      "service": "drive.googleapis.com"
    },
    "reason": "ACCESS_TOKEN_SCOPE_INSUFFICIENT"
  }
]

More details:
Reason: insufficientPermissions, Message: Insufficient Permission
<3>ERROR : TOOLS.md: Failed to copy: failed to make directory: googleapi: Error 403: Request had insufficient authentication scopes.
Details:
[
  {
    "@type": "type.googleapis.com/google.rpc.ErrorInfo",
    "domain": "googleapis.com",
    "metadata": {
      "method": "google.apps.drive.v3.DriveFiles.Create",
      "service": "drive.googleapis.com"
    },
    "reason": "ACCESS_TOKEN_SCOPE_INSUFFICIENT"
  }
]

More details:
Reason: insufficientPermissions, Message: Insufficient Permission
<3>ERROR : accesses.txt: Failed to copy: failed to make directory: googleapi: Error 403: Request had insufficient authentication scopes.
Details:
[
  {
    "@type": "type.googleapis.com/google.rpc.ErrorInfo",
    "domain": "googleapis.com",
    "metadata": {
      "method": "google.apps.drive.v3.DriveFiles.Create",
      "service": "drive.googleapis.com"
    },
    "reason": "ACCESS_TOKEN_SCOPE_INSUFFICIENT"
  }
]

More details:
Reason: insufficientPermissions, Message: Insufficient Permission
<3>ERROR : resources.txt: Failed to copy: failed to make directory: googleapi: Error 403: Request had insufficient authentication scopes.
Details:
[
  {
    "@type": "type.googleapis.com/google.rpc.ErrorInfo",
    "domain": "googleapis.com",
    "metadata": {
      "method": "google.apps.drive.v3.DriveFiles.Create",
      "service": "drive.googleapis.com"
    },
    "reason": "ACCESS_TOKEN_SCOPE_INSUFFICIENT"
  }
]

More details:
Reason: insufficientPermissions, Message: Insufficient Permission
<3>ERROR : system_status.txt: Failed to copy: failed to make directory: googleapi: Error 403: Request had insufficient authentication scopes.
Details:
[
  {
    "@type": "type.googleapis.com/google.rpc.ErrorInfo",
    "domain": "googleapis.com",
    "metadata": {
      "method": "google.apps.drive.v3.DriveFiles.Create",
      "service": "drive.googleapis.com"
    },
    "reason": "ACCESS_TOKEN_SCOPE_INSUFFICIENT"
  }
]

More details:
Reason: insufficientPermissions, Message: Insufficient Permission
<3>ERROR : skills.txt: Failed to copy: failed to make directory: googleapi: Error 403: Request had insufficient authentication scopes.
Details:
[
  {
    "@type": "type.googleapis.com/google.rpc.ErrorInfo",
    "domain": "googleapis.com",
    "metadata": {
      "method": "google.apps.drive.v3.DriveFiles.Create",
      "service": "drive.googleapis.com"
    },
    "reason": "ACCESS_TOKEN_SCOPE_INSUFFICIENT"
  }
]

More details:
Reason: insufficientPermissions, Message: Insufficient Permission
<3>ERROR : Attempt 2/3 failed with 7 errors and: failed to make directory: googleapi: Error 403: Request had insufficient authentication scopes.
Details:
[
  {
    "@type": "type.googleapis.com/google.rpc.ErrorInfo",
    "domain": "googleapis.com",
    "metadata": {
      "method": "google.apps.drive.v3.DriveFiles.Create",
      "service": "drive.googleapis.com"
    },
    "reason": "ACCESS_TOKEN_SCOPE_INSUFFICIENT"
  }
]

More details:
Reason: insufficientPermissions, Message: Insufficient Permission
<3>ERROR : MEMORY.md: Failed to copy: failed to make directory: googleapi: Error 403: Request had insufficient authentication scopes.
Details:
[
  {
    "@type": "type.googleapis.com/google.rpc.ErrorInfo",
    "domain": "googleapis.com",
    "metadata": {
      "method": "google.apps.drive.v3.DriveFiles.Create",
      "service": "drive.googleapis.com"
    },
    "reason": "ACCESS_TOKEN_SCOPE_INSUFFICIENT"
  }
]

More details:
Reason: insufficientPermissions, Message: Insufficient Permission
<3>ERROR : SUMMARY.md: Failed to copy: failed to make directory: googleapi: Error 403: Request had insufficient authentication scopes.
Details:
[
  {
    "@type": "type.googleapis.com/google.rpc.ErrorInfo",
    "domain": "googleapis.com",
    "metadata": {
      "method": "google.apps.drive.v3.DriveFiles.Create",
      "service": "drive.googleapis.com"
    },
    "reason": "ACCESS_TOKEN_SCOPE_INSUFFICIENT"
  }
]

More details:
Reason: insufficientPermissions, Message: Insufficient Permission
<3>ERROR : TOOLS.md: Failed to copy: failed to make directory: googleapi: Error 403: Request had insufficient authentication scopes.
Details:
[
  {
    "@type": "type.googleapis.com/google.rpc.ErrorInfo",
    "domain": "googleapis.com",
    "metadata": {
      "method": "google.apps.drive.v3.DriveFiles.Create",
      "service": "drive.googleapis.com"
    },
    "reason": "ACCESS_TOKEN_SCOPE_INSUFFICIENT"
  }
]

More details:
Reason: insufficientPermissions, Message: Insufficient Permission
<3>ERROR : accesses.txt: Failed to copy: failed to make directory: googleapi: Error 403: Request had insufficient authentication scopes.
Details:
[
  {
    "@type": "type.googleapis.com/google.rpc.ErrorInfo",
    "domain": "googleapis.com",
    "metadata": {
      "method": "google.apps.drive.v3.DriveFiles.Create",
      "service": "drive.googleapis.com"
    },
    "reason": "ACCESS_TOKEN_SCOPE_INSUFFICIENT"
  }
]

More details:
Reason: insufficientPermissions, Message: Insufficient Permission
<3>ERROR : resources.txt: Failed to copy: failed to make directory: googleapi: Error 403: Request had insufficient authentication scopes.
Details:
[
  {
    "@type": "type.googleapis.com/google.rpc.ErrorInfo",
    "domain": "googleapis.com",
    "metadata": {
      "method": "google.apps.drive.v3.DriveFiles.Create",
      "service": "drive.googleapis.com"
    },
    "reason": "ACCESS_TOKEN_SCOPE_INSUFFICIENT"
  }
]

More details:
Reason: insufficientPermissions, Message: Insufficient Permission
<3>ERROR : system_status.txt: Failed to copy: failed to make directory: googleapi: Error 403: Request had insufficient authentication scopes.
Details:
[
  {
    "@type": "type.googleapis.com/google.rpc.ErrorInfo",
    "domain": "googleapis.com",
    "metadata": {
      "method": "google.apps.drive.v3.DriveFiles.Create",
      "service": "drive.googleapis.com"
    },
    "reason": "ACCESS_TOKEN_SCOPE_INSUFFICIENT"
  }
]

More details:
Reason: insufficientPermissions, Message: Insufficient Permission
<3>ERROR : skills.txt: Failed to copy: failed to make directory: googleapi: Error 403: Request had insufficient authentication scopes.
Details:
[
  {
    "@type": "type.googleapis.com/google.rpc.ErrorInfo",
    "domain": "googleapis.com",
    "metadata": {
      "method": "google.apps.drive.v3.DriveFiles.Create",
      "service": "drive.googleapis.com"
    },
    "reason": "ACCESS_TOKEN_SCOPE_INSUFFICIENT"
  }
]

More details:
Reason: insufficientPermissions, Message: Insufficient Permission
<3>ERROR : Attempt 3/3 failed with 7 errors and: failed to make directory: googleapi: Error 403: Request had insufficient authentication scopes.
Details:
[
  {
    "@type": "type.googleapis.com/google.rpc.ErrorInfo",
    "domain": "googleapis.com",
    "metadata": {
      "method": "google.apps.drive.v3.DriveFiles.Create",
      "service": "drive.googleapis.com"
    },
    "reason": "ACCESS_TOKEN_SCOPE_INSUFFICIENT"
  }
]

More details:
Reason: insufficientPermissions, Message: Insufficient Permission
<6>INFO  : 
Transferred:   	          0 B / 0 B, -, 0 B/s, ETA -
Errors:                 7 (retrying may help)
Elapsed time:        20.2s

Failed to copy with 7 errors: last error was: failed to make directory: googleapi: Error 403: Request had insufficient authentication scopes.
Details:
[
  {
    "@type": "type.googleapis.com/google.rpc.ErrorInfo",
    "domain": "googleapis.com",
    "metadata": {
      "method": "google.apps.drive.v3.DriveFiles.Create",
      "service": "drive.googleapis.com"
    },
    "reason": "ACCESS_TOKEN_SCOPE_INSUFFICIENT"
  }
]

More details:
Reason: insufficientPermissions, Message: Insufficient Permission
[2026-05-12 10:47:25] ERROR: Failed to upload to Google Drive
